<?xml version="1.0" encoding="UTF-8"?>
<testng-results ignored="0" total="1" passed="1" failed="0" skipped="0">
  <reporter-output>
  </reporter-output>
  <suite started-at="2024-05-16T08:58:01 SAST" name="Default suite" finished-at="2024-05-16T08:58:01 SAST" duration-ms="35">
    <groups>
    </groups>
    <test started-at="2024-05-16T08:58:01 SAST" name="Default test" finished-at="2024-05-16T08:58:01 SAST" duration-ms="35">
      <class name="rahulshettyacademy.tests.testGit">
        <test-method signature="helloMsg()[pri:0, instance:rahulshettyacademy.tests.testGit@78691363]" started-at="2024-05-16T08:58:01 SAST" name="helloMsg" finished-at="2024-05-16T08:58:01 SAST" duration-ms="7" status="PASS">
          <reporter-output>
          </reporter-output>
        </test-method> <!-- helloMsg -->
      </class> <!-- rahulshettyacademy.tests.testGit -->
    </test> <!-- Default test -->
  </suite> <!-- Default suite -->
</testng-results>
