<?xml version="1.0" encoding="UTF-8"?>
<testng-results ignored="0" total="2" passed="2" failed="0" skipped="0">
  <reporter-output>
  </reporter-output>
  <suite started-at="2024-05-16T13:00:19 SAST" name="Default suite" finished-at="2024-05-16T13:00:39 SAST" duration-ms="20034">
    <groups>
      <group name="ErrorHandling">
        <method signature="ErrorValidationsTest.LoginErrorValidation()[pri:0, instance:rahulshettyacademy.tests.ErrorValidationsTest@6c6cb480]" name="LoginErrorValidation" class="rahulshettyacademy.tests.ErrorValidationsTest"/>
      </group> <!-- ErrorHandling -->
    </groups>
    <test started-at="2024-05-16T13:00:19 SAST" name="Default test" finished-at="2024-05-16T13:00:39 SAST" duration-ms="20034">
      <class name="rahulshettyacademy.tests.ErrorValidationsTest">
        <test-method is-config="true" signature="launchApplication()[pri:0, instance:rahulshettyacademy.tests.ErrorValidationsTest@6c6cb480]" started-at="2024-05-16T13:00:19 SAST" name="launchApplication" finished-at="2024-05-16T13:00:26 SAST" duration-ms="7758" status="PASS">
          <reporter-output>
          </reporter-output>
        </test-method> <!-- launchApplication -->
        <test-method signature="LoginErrorValidation()[pri:0, instance:rahulshettyacademy.tests.ErrorValidationsTest@6c6cb480]" started-at="2024-05-16T13:00:26 SAST" name="LoginErrorValidation" finished-at="2024-05-16T13:00:28 SAST" duration-ms="1179" status="PASS">
          <reporter-output>
          </reporter-output>
        </test-method> <!-- LoginErrorValidation -->
        <test-method is-config="true" signature="tearDown()[pri:0, instance:rahulshettyacademy.tests.ErrorValidationsTest@6c6cb480]" started-at="2024-05-16T13:00:28 SAST" name="tearDown" finished-at="2024-05-16T13:00:28 SAST" duration-ms="107" status="PASS">
          <reporter-output>
          </reporter-output>
        </test-method> <!-- tearDown -->
        <test-method is-config="true" signature="launchApplication()[pri:0, instance:rahulshettyacademy.tests.ErrorValidationsTest@6c6cb480]" started-at="2024-05-16T13:00:28 SAST" name="launchApplication" finished-at="2024-05-16T13:00:35 SAST" duration-ms="7379" status="PASS">
          <reporter-output>
          </reporter-output>
        </test-method> <!-- launchApplication -->
        <test-method signature="ProductErrorValidation()[pri:0, instance:rahulshettyacademy.tests.ErrorValidationsTest@6c6cb480]" started-at="2024-05-16T13:00:35 SAST" name="ProductErrorValidation" finished-at="2024-05-16T13:00:38 SAST" duration-ms="3484" status="PASS">
          <reporter-output>
          </reporter-output>
        </test-method> <!-- ProductErrorValidation -->
        <test-method is-config="true" signature="tearDown()[pri:0, instance:rahulshettyacademy.tests.ErrorValidationsTest@6c6cb480]" started-at="2024-05-16T13:00:38 SAST" name="tearDown" finished-at="2024-05-16T13:00:39 SAST" duration-ms="93" status="PASS">
          <reporter-output>
          </reporter-output>
        </test-method> <!-- tearDown -->
      </class> <!-- rahulshettyacademy.tests.ErrorValidationsTest -->
    </test> <!-- Default test -->
  </suite> <!-- Default suite -->
</testng-results>
